kotlin/outputs/logs/manifest-merger-release-report.txt
-- Merging decision tree log ---
provider#androidx.core.content.FileProvider
INJECTED from src\main\AndroidManifest.xml:34:9-42:20
	android:grantUriPermissions
		ADDED from src\main\AndroidManifest.xml:38:13-47
	android:authorities
		INJECTED from src\main\AndroidManifest.xml
		ADDED from src\main\AndroidManifest.xml:36:13-60
	android:exported
		ADDED from src\main\AndroidManifest.xml:37:13-37
	android:name
		ADDED from src\main\AndroidManifest.xml:35:13-62
manifest
ADDED from src\main\AndroidManifest.xml:2:1-54:12
INJECTED from src\main\AndroidManifest.xml:2:1-54:12
INJECTED from src\main\AndroidManifest.xml:2:1-54:12
INJECTED from src\main\AndroidManifest.xml:2:1-54:12
MERGED from [androidx.databinding:viewbinding:8.5.1] AndroidManifest.xml:2:1-7:12
MERGED from [com.google.android.material:material:1.12.0] AndroidManifest.xml:17:1-24:12
MERGED from [com.github.akshaaatt:Google-IAP:1.6.0] AndroidManifest.xml:2:1-7:12
MERGED from [androidx.appcompat:appcompat-resources:1.7.0] AndroidManifest.xml:2:1-7:12
MERGED from [androidx.constraintlayout:constraintlayout:2.0.1] AndroidManifest.xml:2:1-11:12
MERGED from [androidx.appcompat:appcompat:1.7.0] AndroidManifest.xml:2:1-7:12
MERGED from [com.android.billingclient:billing-ktx:7.0.0] AndroidManifest.xml:2:1-11:12
MERGED from [com.google.android.play:asset-delivery-ktx:2.2.2] AndroidManifest.xml:2:1-14:12
MERGED from [com.google.android.play:review-ktx:2.0.1] AndroidManifest.xml:2:1-14:12
MERGED from [com.google.android.play:feature-delivery-ktx:2.1.0] AndroidManifest.xml:2:1-14:12
MERGED from [com.google.android.gms:play-services-ads:23.2.0] AndroidManifest.xml:17:1-25:12
MERGED from [androidx.webkit:webkit:1.11.0] AndroidManifest.xml:2:1-7:12
MERGED from [com.google.android.play:asset-delivery:2.2.2] AndroidManifest.xml:2:1-35:12
MERGED from [com.google.android.play:review:2.0.1] AndroidManifest.xml:2:1-14:12
MERGED from [com.google.android.play:feature-delivery:2.1.0] AndroidManifest.xml:2:1-14:12
MERGED from [com.google.android.gms:play-services-appset:16.0.1] AndroidManifest.xml:2:1-9:12
MERGED from [com.android.billingclient:billing:7.0.0] AndroidManifest.xml:2:1-35:12
MERGED from [com.google.android.gms:play-services-location:19.0.0] AndroidManifest.xml:2:1-9:12
MERGED from [com.google.android.gms:play-services-base:18.3.0] AndroidManifest.xml:16:1-24:12
MERGED from [com.google.android.gms:play-services-tasks:18.1.0] AndroidManifest.xml:2:1-6:12
MERGED from [com.google.android.gms:play-services-ads-lite:23.2.0] AndroidManifest.xml:17:1-95:12
MERGED from [com.google.android.gms:play-services-ads-base:23.2.0] AndroidManifest.xml:2:1-9:12
MERGED from [com.google.android.gms:play-services-ads-identifier:18.0.0] AndroidManifest.xml:17:1-27:12
MERGED from [com.google.android.gms:play-services-measurement-sdk-api:20.1.2] AndroidManifest.xml:17:1-28:12
MERGED from [com.google.android.ump:user-messaging-platform:2.2.0] AndroidManifest.xml:2:1-7:12
MERGED from [com.google.android.gms:play-services-measurement-base:20.1.2] AndroidManifest.xml:2:1-9:12
MERGED from [com.google.android.gms:play-services-places-placereport:17.0.0] AndroidManifest.xml:17:1-24:12
MERGED from [com.google.android.gms:play-services-basement:18.3.0] AndroidManifest.xml:16:1-26:12
MERGED from [androidx.viewpager2:viewpager2:1.0.0] AndroidManifest.xml:17:1-24:12
MERGED from [androidx.lifecycle:lifecycle-extensions:2.2.0] AndroidManifest.xml:17:1-27:12
MERGED from [androidx.fragment:fragment:1.5.4] AndroidManifest.xml:17:1-24:12
MERGED from [androidx.privacysandbox.ads:ads-adservices-java:1.0.0-beta05] AndroidManifest.xml:2:1-7:12
MERGED from [androidx.privacysandbox.ads:ads-adservices:1.0.0-beta05] AndroidManifest.xml:17:1-28:12
MERGED from [androidx.activity:activity:1.8.0] AndroidManifest.xml:17:1-22:12
MERGED from [androidx.savedstate:savedstate:1.2.1] AndroidManifest.xml:17:1-22:12
MERGED from [androidx.emoji2:emoji2-views-helper:1.3.0] AndroidManifest.xml:2:1-7:12
MERGED from [androidx.emoji2:emoji2:1.3.0] AndroidManifest.xml:17:1-35:12
MERGED from [androidx.transition:transition:1.5.0] AndroidManifest.xml:2:1-7:12
MERGED from [androidx.dynamicanimation:dynamicanimation:1.0.0] AndroidManifest.xml:17:1-22:12
MERGED from [androidx.legacy:legacy-support-core-utils:1.0.0] AndroidManifest.xml:17:1-22:12
MERGED from [androidx.loader:loader:1.0.0] AndroidManifest.xml:17:1-22:12
MERGED from [androidx.work:work-runtime:2.7.0] AndroidManifest.xml:17:1-145:12
MERGED from [androidx.lifecycle:lifecycle-livedata-core-ktx:2.7.0] AndroidManifest.xml:2:1-7:12
MERGED from [androidx.lifecycle:lifecycle-service:2.7.0] AndroidManifest.xml:2:1-7:12
MERGED from [androidx.lifecycle:lifecycle-livedata:2.7.0] AndroidManifest.xml:17:1-22:12
MERGED from [androidx.lifecycle:lifecycle-viewmodel:2.7.0] AndroidManifest.xml:17:1-22:12
MERGED from [androidx.lifecycle:lifecycle-process:2.7.0] AndroidManifest.xml:17:1-35:12
MERGED from [androidx.lifecycle:lifecycle-livedata-core:2.7.0] AndroidManifest.xml:17:1-22:12
MERGED from [androidx.lifecycle:lifecycle-runtime:2.7.0] AndroidManifest.xml:2:1-7:12
MERGED from [androidx.lifecycle:lifecycle-runtime-ktx:2.7.0] AndroidManifest.xml:17:1-22:12
MERGED from [androidx.lifecycle:lifecycle-viewmodel-savedstate:2.7.0] AndroidManifest.xml:17:1-22:12
MERGED from [androidx.core:core-ktx:1.13.0] AndroidManifest.xml:2:1-7:12
MERGED from [androidx.drawerlayout:drawerlayout:1.1.1] AndroidManifest.xml:17:1-24:12
MERGED from [androidx.coordinatorlayout:coordinatorlayout:1.1.0] AndroidManifest.xml:17:1-24:12
MERGED from [androidx.vectordrawable:vectordrawable-animated:1.1.0] AndroidManifest.xml:17:1-24:12
MERGED from [androidx.vectordrawable:vectordrawable:1.1.0] AndroidManifest.xml:17:1-24:12
MERGED from [androidx.browser:browser:1.4.0] AndroidManifest.xml:17:1-24:12
MERGED from [androidx.viewpager:viewpager:1.0.0] AndroidManifest.xml:17:1-22:12
MERGED from [androidx.recyclerview:recyclerview:1.1.0] AndroidManifest.xml:17:1-24:12
MERGED from [androidx.customview:customview:1.1.0] AndroidManifest.xml:17:1-24:12
MERGED from [androidx.core:core:1.13.0] AndroidManifest.xml:17:1-30:12
MERGED from [androidx.annotation:annotation-experimental:1.4.0] AndroidManifest.xml:2:1-7:12
MERGED from [androidx.cursoradapter:cursoradapter:1.0.0] AndroidManifest.xml:17:1-22:12
MERGED from [androidx.profileinstaller:profileinstaller:1.3.1] AndroidManifest.xml:17:1-55:12
MERGED from [androidx.cardview:cardview:1.0.0] AndroidManifest.xml:17:1-22:12
MERGED from [androidx.interpolator:interpolator:1.0.0] AndroidManifest.xml:17:1-22:12
MERGED from [androidx.versionedparcelable:versionedparcelable:1.1.1] AndroidManifest.xml:17:1-27:12
MERGED from [androidx.startup:startup-runtime:1.1.1] AndroidManifest.xml:17:1-33:12
MERGED from [androidx.tracing:tracing:1.0.0] AndroidManifest.xml:17:1-24:12
MERGED from [com.google.android.datatransport:transport-backend-cct:3.1.8] AndroidManifest.xml:15:1-37:12
MERGED from [com.google.android.datatransport:transport-runtime:3.1.8] AndroidManifest.xml:15:1-41:12
MERGED from [com.google.android.datatransport:transport-api:3.0.0] AndroidManifest.xml:15:1-22:12
MERGED from [androidx.documentfile:documentfile:1.0.0] AndroidManifest.xml:17:1-22:12
MERGED from [androidx.localbroadcastmanager:localbroadcastmanager:1.0.0] AndroidManifest.xml:17:1-22:12
MERGED from [androidx.print:print:1.0.0] AndroidManifest.xml:17:1-22:12
MERGED from [androidx.room:room-runtime:2.2.5] AndroidManifest.xml:17:1-31:12
MERGED from [androidx.sqlite:sqlite-framework:2.1.0] AndroidManifest.xml:17:1-24:12
MERGED from [androidx.sqlite:sqlite:2.1.0] AndroidManifest.xml:17:1-24:12
MERGED from [com.google.firebase:firebase-encoders-json:18.0.0] AndroidManifest.xml:15:1-23:12
MERGED from [androidx.arch.core:core-runtime:2.2.0] AndroidManifest.xml:17:1-22:12
MERGED from [com.google.android.play:core-common:2.0.3] AndroidManifest.xml:2:1-21:12
	package
		INJECTED from src\main\AndroidManifest.xml
	android:versionName
		INJECTED from src\main\AndroidManifest.xml
	xmlns:tools
		ADDED from src\main\AndroidManifest.xml:3:5-51
	android:versionCode
		INJECTED from src\main\AndroidManifest.xml
	xmlns:android
		ADDED from src\main\AndroidManifest.xml:2:11-69
uses-permission#android.permission.INTERNET
ADDED from src\main\AndroidManifest.xml:5:5-67
MERGED from [com.google.android.gms:play-services-ads-lite:23.2.0] AndroidManifest.xml:24:5-67
MERGED from [com.google.android.gms:play-services-ads-lite:23.2.0] AndroidManifest.xml:24:5-67
MERGED from [com.google.android.gms:play-services-measurement-sdk-api:20.1.2] AndroidManifest.xml:23:5-67
MERGED from [com.google.android.gms:play-services-measurement-sdk-api:20.1.2] AndroidManifest.xml:23:5-67
MERGED from [com.google.android.datatransport:transport-backend-cct:3.1.8] AndroidManifest.xml:25:5-67
MERGED from [com.google.android.datatransport:transport-backend-cct:3.1.8] AndroidManifest.xml:25:5-67
	android:name
		ADDED from src\main\AndroidManifest.xml:5:22-64
uses-permission#android.permission.ACCESS_NETWORK_STATE
ADDED from src\main\AndroidManifest.xml:6:5-79
MERGED from [com.google.android.gms:play-services-ads-lite:23.2.0] AndroidManifest.xml:25:5-79
MERGED from [com.google.android.gms:play-services-ads-lite:23.2.0] AndroidManifest.xml:25:5-79
MERGED from [com.google.android.gms:play-services-measurement-sdk-api:20.1.2] AndroidManifest.xml:24:5-79
MERGED from [com.google.android.gms:play-services-measurement-sdk-api:20.1.2] AndroidManifest.xml:24:5-79
MERGED from [androidx.work:work-runtime:2.7.0] AndroidManifest.xml:26:5-79
MERGED from [androidx.work:work-runtime:2.7.0] AndroidManifest.xml:26:5-79
MERGED from [com.google.android.datatransport:transport-backend-cct:3.1.8] AndroidManifest.xml:24:5-79
MERGED from [com.google.android.datatransport:transport-backend-cct:3.1.8] AndroidManifest.xml:24:5-79
MERGED from [com.google.android.datatransport:transport-runtime:3.1.8] AndroidManifest.xml:22:5-79
MERGED from [com.google.android.datatransport:transport-runtime:3.1.8] AndroidManifest.xml:22:5-79
	android:name
		ADDED from src\main\AndroidManifest.xml:6:22-76
uses-permission#android.permission.WRITE_EXTERNAL_STORAGE
ADDED from src\main\AndroidManifest.xml:7:5-9:40
	tools:ignore
		ADDED from src\main\AndroidManifest.xml:9:9-37
	android:name
		ADDED from src\main\AndroidManifest.xml:8:9-65
uses-permission#android.permission.ACCESS_WIFI_STATE
ADDED from src\main\AndroidManifest.xml:10:5-76
	android:name
		ADDED from src\main\AndroidManifest.xml:10:22-73
uses-permission#android.permission.READ_EXTERNAL_STORAGE
ADDED from src\main\AndroidManifest.xml:11:5-13:38
	android:maxSdkVersion
		ADDED from src\main\AndroidManifest.xml:13:9-35
	android:name
		ADDED from src\main\AndroidManifest.xml:12:9-64
uses-permission#com.android.vending.BILLING
ADDED from src\main\AndroidManifest.xml:15:5-67
MERGED from [com.android.billingclient:billing-ktx:7.0.0] AndroidManifest.xml:9:5-67
MERGED from [com.android.billingclient:billing-ktx:7.0.0] AndroidManifest.xml:9:5-67
MERGED from [com.android.billingclient:billing:7.0.0] AndroidManifest.xml:10:5-67
MERGED from [com.android.billingclient:billing:7.0.0] AndroidManifest.xml:10:5-67
	android:name
		ADDED from src\main\AndroidManifest.xml:15:22-64
application
ADDED from src\main\AndroidManifest.xml:17:5-53:19
INJECTED from src\main\AndroidManifest.xml:17:5-53:19
MERGED from [com.google.android.material:material:1.12.0] AndroidManifest.xml:22:5-20
MERGED from [com.google.android.material:material:1.12.0] AndroidManifest.xml:22:5-20
MERGED from [androidx.constraintlayout:constraintlayout:2.0.1] AndroidManifest.xml:9:5-20
MERGED from [androidx.constraintlayout:constraintlayout:2.0.1] AndroidManifest.xml:9:5-20
MERGED from [com.google.android.play:asset-delivery-ktx:2.2.2] AndroidManifest.xml:11:5-12:19
MERGED from [com.google.android.play:asset-delivery-ktx:2.2.2] AndroidManifest.xml:11:5-12:19
MERGED from [com.google.android.play:review-ktx:2.0.1] AndroidManifest.xml:11:5-12:19
MERGED from [com.google.android.play:review-ktx:2.0.1] AndroidManifest.xml:11:5-12:19
MERGED from [com.google.android.play:feature-delivery-ktx:2.1.0] AndroidManifest.xml:11:5-12:19
MERGED from [com.google.android.play:feature-delivery-ktx:2.1.0] AndroidManifest.xml:11:5-12:19
MERGED from [com.google.android.play:asset-delivery:2.2.2] AndroidManifest.xml:17:5-33:19
MERGED from [com.google.android.play:asset-delivery:2.2.2] AndroidManifest.xml:17:5-33:19
MERGED from [com.google.android.play:review:2.0.1] AndroidManifest.xml:11:5-12:19
MERGED from [com.google.android.play:review:2.0.1] AndroidManifest.xml:11:5-12:19
MERGED from [com.google.android.play:feature-delivery:2.1.0] AndroidManifest.xml:11:5-12:19
MERGED from [com.google.android.play:feature-delivery:2.1.0] AndroidManifest.xml:11:5-12:19
MERGED from [com.google.android.gms:play-services-appset:16.0.1] AndroidManifest.xml:7:5-20
MERGED from [com.google.android.gms:play-services-appset:16.0.1] AndroidManifest.xml:7:5-20
MERGED from [com.android.billingclient:billing:7.0.0] AndroidManifest.xml:18:5-33:19
MERGED from [com.android.billingclient:billing:7.0.0] AndroidManifest.xml:18:5-33:19
MERGED from [com.google.android.gms:play-services-location:19.0.0] AndroidManifest.xml:7:5-20
MERGED from [com.google.android.gms:play-services-location:19.0.0] AndroidManifest.xml:7:5-20
MERGED from [com.google.android.gms:play-services-base:18.3.0] AndroidManifest.xml:19:5-23:19
MERGED from [com.google.android.gms:play-services-base:18.3.0] AndroidManifest.xml:19:5-23:19
MERGED from [com.google.android.gms:play-services-tasks:18.1.0] AndroidManifest.xml:5:5-20
MERGED from [com.google.android.gms:play-services-tasks:18.1.0] AndroidManifest.xml:5:5-20
MERGED from [com.google.android.gms:play-services-ads-lite:23.2.0] AndroidManifest.xml:53:5-93:19
MERGED from [com.google.android.gms:play-services-ads-lite:23.2.0] AndroidManifest.xml:53:5-93:19
MERGED from [com.google.android.gms:play-services-ads-base:23.2.0] AndroidManifest.xml:7:5-20
MERGED from [com.google.android.gms:play-services-ads-base:23.2.0] AndroidManifest.xml:7:5-20
MERGED from [com.google.android.gms:play-services-ads-identifier:18.0.0] AndroidManifest.xml:25:5-20
MERGED from [com.google.android.gms:play-services-ads-identifier:18.0.0] AndroidManifest.xml:25:5-20
MERGED from [com.google.android.gms:play-services-measurement-base:20.1.2] AndroidManifest.xml:7:5-20
MERGED from [com.google.android.gms:play-services-measurement-base:20.1.2] AndroidManifest.xml:7:5-20
MERGED from [com.google.android.gms:play-services-places-placereport:17.0.0] AndroidManifest.xml:22:5-20
MERGED from [com.google.android.gms:play-services-places-placereport:17.0.0] AndroidManifest.xml:22:5-20
MERGED from [com.google.android.gms:play-services-basement:18.3.0] AndroidManifest.xml:20:5-24:19
MERGED from [com.google.android.gms:play-services-basement:18.3.0] AndroidManifest.xml:20:5-24:19
MERGED from [androidx.lifecycle:lifecycle-extensions:2.2.0] AndroidManifest.xml:24:5-25:19
MERGED from [androidx.lifecycle:lifecycle-extensions:2.2.0] AndroidManifest.xml:24:5-25:19
MERGED from [androidx.privacysandbox.ads:ads-adservices:1.0.0-beta05] AndroidManifest.xml:22:5-26:19
MERGED from [androidx.privacysandbox.ads:ads-adservices:1.0.0-beta05] AndroidManifest.xml:22:5-26:19
MERGED from [androidx.emoji2:emoji2:1.3.0] AndroidManifest.xml:23:5-33:19
MERGED from [androidx.emoji2:emoji2:1.3.0] AndroidManifest.xml:23:5-33:19
MERGED from [androidx.work:work-runtime:2.7.0] AndroidManifest.xml:30:5-143:19
MERGED from [androidx.work:work-runtime:2.7.0] AndroidManifest.xml:30:5-143:19
MERGED from [androidx.lifecycle:lifecycle-process:2.7.0] AndroidManifest.xml:23:5-33:19
MERGED from [androidx.lifecycle:lifecycle-process:2.7.0] AndroidManifest.xml:23:5-33:19
MERGED from [androidx.core:core:1.13.0] AndroidManifest.xml:28:5-89
MERGED from [androidx.core:core:1.13.0] AndroidManifest.xml:28:5-89
MERGED from [androidx.profileinstaller:profileinstaller:1.3.1] AndroidManifest.xml:23:5-53:19
MERGED from [androidx.profileinstaller:profileinstaller:1.3.1] AndroidManifest.xml:23:5-53:19
MERGED from [androidx.versionedparcelable:versionedparcelable:1.1.1] AndroidManifest.xml:24:5-25:19
MERGED from [androidx.versionedparcelable:versionedparcelable:1.1.1] AndroidManifest.xml:24:5-25:19
MERGED from [androidx.startup:startup-runtime:1.1.1] AndroidManifest.xml:25:5-31:19
MERGED from [androidx.startup:startup-runtime:1.1.1] AndroidManifest.xml:25:5-31:19
MERGED from [com.google.android.datatransport:transport-backend-cct:3.1.8] AndroidManifest.xml:27:5-35:19
MERGED from [com.google.android.datatransport:transport-backend-cct:3.1.8] AndroidManifest.xml:27:5-35:19
MERGED from [com.google.android.datatransport:transport-runtime:3.1.8] AndroidManifest.xml:25:5-39:19
MERGED from [com.google.android.datatransport:transport-runtime:3.1.8] AndroidManifest.xml:25:5-39:19
MERGED from [androidx.room:room-runtime:2.2.5] AndroidManifest.xml:24:5-29:19
MERGED from [androidx.room:room-runtime:2.2.5] AndroidManifest.xml:24:5-29:19
MERGED from [com.google.android.play:core-common:2.0.3] AndroidManifest.xml:11:5-19:19
MERGED from [com.google.android.play:core-common:2.0.3] AndroidManifest.xml:11:5-19:19
	android:extractNativeLibs
		INJECTED from src\main\AndroidManifest.xml
	android:roundIcon
		ADDED from src\main\AndroidManifest.xml:26:9-54
	android:icon
		ADDED from src\main\AndroidManifest.xml:22:9-43
	android:networkSecurityConfig
		ADDED from src\main\AndroidManifest.xml:25:9-69
	android:fullBackupOnly
		ADDED from src\main\AndroidManifest.xml:20:9-38
	android:appComponentFactory
		ADDED from [androidx.core:core:1.13.0] AndroidManifest.xml:28:18-86
	android:supportsRtl
		ADDED from src\main\AndroidManifest.xml:27:9-35
	android:label
		ADDED from src\main\AndroidManifest.xml:24:9-41
	android:hardwareAccelerated
		ADDED from src\main\AndroidManifest.xml:21:9-44
	tools:targetApi
		ADDED from src\main\AndroidManifest.xml:30:9-28
	android:allowBackup
		ADDED from src\main\AndroidManifest.xml:19:9-35
	android:theme
		ADDED from src\main\AndroidManifest.xml:28:9-51
	android:isGame
		ADDED from src\main\AndroidManifest.xml:23:9-30
	android:usesCleartextTraffic
		ADDED from src\main\AndroidManifest.xml:29:9-44
	android:name
		ADDED from src\main\AndroidManifest.xml:18:9-87
meta-data#com.google.android.gms.ads.APPLICATION_ID
ADDED from src\main\AndroidManifest.xml:31:9-33:52
	android:value
		ADDED from src\main\AndroidManifest.xml:33:13-49
	android:name
		ADDED from src\main\AndroidManifest.xml:32:13-69
activity#com.rpgmaker.game.MainActivity
ADDED from src\main\AndroidManifest.xml:43:9-52:20
	android:hardwareAccelerated
		ADDED from src\main\AndroidManifest.xml:47:13-47
	android:exported
		ADDED from src\main\AndroidManifest.xml:46:13-36
	android:configChanges
		ADDED from src\main\AndroidManifest.xml:45:13-59
	android:name
		ADDED from src\main\AndroidManifest.xml:44:13-41
intent-filter#action:name:android.intent.action.MAIN+category:name:android.intent.category.LAUNCHER
ADDED from src\main\AndroidManifest.xml:48:13-51:29
action#android.intent.action.MAIN
ADDED from src\main\AndroidManifest.xml:49:17-69
	android:name
		ADDED from src\main\AndroidManifest.xml:49:25-66
category#android.intent.category.LAUNCHER
ADDED from src\main\AndroidManifest.xml:50:17-77
	android:name
		ADDED from src\main\AndroidManifest.xml:50:27-74
meta-data#android.support.FILE_PROVIDER_PATHS
ADDED from src\main\AndroidManifest.xml:39:13-41:54
	android:resource
		ADDED from src\main\AndroidManifest.xml:41:17-51
	android:name
		ADDED from src\main\AndroidManifest.xml:40:17-67
uses-sdk
INJECTED from src\main\AndroidManifest.xml reason: use-sdk injection requested
INJECTED from src\main\AndroidManifest.xml
INJECTED from src\main\AndroidManifest.xml
MERGED from [androidx.databinding:viewbinding:8.5.1] AndroidManifest.xml:5:5-44
MERGED from [androidx.databinding:viewbinding:8.5.1] AndroidManifest.xml:5:5-44
MERGED from [com.google.android.material:material:1.12.0] AndroidManifest.xml:20:5-44
MERGED from [com.google.android.material:material:1.12.0] AndroidManifest.xml:20:5-44
MERGED from [com.github.akshaaatt:Google-IAP:1.6.0] AndroidManifest.xml:5:5-44
MERGED from [com.github.akshaaatt:Google-IAP:1.6.0] AndroidManifest.xml:5:5-44
MERGED from [androidx.appcompat:appcompat-resources:1.7.0] AndroidManifest.xml:5:5-44
MERGED from [androidx.appcompat:appcompat-resources:1.7.0] AndroidManifest.xml:5:5-44
MERGED from [androidx.constraintlayout:constraintlayout:2.0.1] AndroidManifest.xml:5:5-7:41
MERGED from [androidx.constraintlayout:constraintlayout:2.0.1] AndroidManifest.xml:5:5-7:41
MERGED from [androidx.appcompat:appcompat:1.7.0] AndroidManifest.xml:5:5-44
MERGED from [androidx.appcompat:appcompat:1.7.0] AndroidManifest.xml:5:5-44
MERGED from [com.android.billingclient:billing-ktx:7.0.0] AndroidManifest.xml:5:5-7:41
MERGED from [com.android.billingclient:billing-ktx:7.0.0] AndroidManifest.xml:5:5-7:41
MERGED from [com.google.android.play:asset-delivery-ktx:2.2.2] AndroidManifest.xml:7:5-9:41
MERGED from [com.google.android.play:asset-delivery-ktx:2.2.2] AndroidManifest.xml:7:5-9:41
MERGED from [com.google.android.play:review-ktx:2.0.1] AndroidManifest.xml:7:5-9:41
MERGED from [com.google.android.play:review-ktx:2.0.1] AndroidManifest.xml:7:5-9:41
MERGED from [com.google.android.play:feature-delivery-ktx:2.1.0] AndroidManifest.xml:7:5-9:41
MERGED from [com.google.android.play:feature-delivery-ktx:2.1.0] AndroidManifest.xml:7:5-9:41
MERGED from [com.google.android.gms:play-services-ads:23.2.0] AndroidManifest.xml:21:5-23:52
MERGED from [com.google.android.gms:play-services-ads:23.2.0] AndroidManifest.xml:21:5-23:52
MERGED from [androidx.webkit:webkit:1.11.0] AndroidManifest.xml:5:5-44
MERGED from [androidx.webkit:webkit:1.11.0] AndroidManifest.xml:5:5-44
MERGED from [com.google.android.play:asset-delivery:2.2.2] AndroidManifest.xml:7:5-9:41
MERGED from [com.google.android.play:asset-delivery:2.2.2] AndroidManifest.xml:7:5-9:41
MERGED from [com.google.android.play:review:2.0.1] AndroidManifest.xml:7:5-9:41
MERGED from [com.google.android.play:review:2.0.1] AndroidManifest.xml:7:5-9:41
MERGED from [com.google.android.play:feature-delivery:2.1.0] AndroidManifest.xml:7:5-9:41
MERGED from [com.google.android.play:feature-delivery:2.1.0] AndroidManifest.xml:7:5-9:41
MERGED from [com.google.android.gms:play-services-appset:16.0.1] AndroidManifest.xml:5:5-44
MERGED from [com.google.android.gms:play-services-appset:16.0.1] AndroidManifest.xml:5:5-44
MERGED from [com.android.billingclient:billing:7.0.0] AndroidManifest.xml:6:5-8:41
MERGED from [com.android.billingclient:billing:7.0.0] AndroidManifest.xml:6:5-8:41
MERGED from [com.google.android.gms:play-services-location:19.0.0] AndroidManifest.xml:5:5-44
MERGED from [com.google.android.gms:play-services-location:19.0.0] AndroidManifest.xml:5:5-44
MERGED from [com.google.android.gms:play-services-base:18.3.0] AndroidManifest.xml:18:5-43
MERGED from [com.google.android.gms:play-services-base:18.3.0] AndroidManifest.xml:18:5-43
MERGED from [com.google.android.gms:play-services-tasks:18.1.0] AndroidManifest.xml:4:5-43
MERGED from [com.google.android.gms:play-services-tasks:18.1.0] AndroidManifest.xml:4:5-43
MERGED from [com.google.android.gms:play-services-ads-lite:23.2.0] AndroidManifest.xml:21:5-44
MERGED from [com.google.android.gms:play-services-ads-lite:23.2.0] AndroidManifest.xml:21:5-44
MERGED from [com.google.android.gms:play-services-ads-base:23.2.0] AndroidManifest.xml:5:5-44
MERGED from [com.google.android.gms:play-services-ads-base:23.2.0] AndroidManifest.xml:5:5-44
MERGED from [com.google.android.gms:play-services-ads-identifier:18.0.0] AndroidManifest.xml:20:5-44
MERGED from [com.google.android.gms:play-services-ads-identifier:18.0.0] AndroidManifest.xml:20:5-44
MERGED from [com.google.android.gms:play-services-measurement-sdk-api:20.1.2] AndroidManifest.xml:20:5-44
MERGED from [com.google.android.gms:play-services-measurement-sdk-api:20.1.2] AndroidManifest.xml:20:5-44
MERGED from [com.google.android.ump:user-messaging-platform:2.2.0] AndroidManifest.xml:5:5-44
MERGED from [com.google.android.ump:user-messaging-platform:2.2.0] AndroidManifest.xml:5:5-44
MERGED from [com.google.android.gms:play-services-measurement-base:20.1.2] AndroidManifest.xml:5:5-44
MERGED from [com.google.android.gms:play-services-measurement-base:20.1.2] AndroidManifest.xml:5:5-44
MERGED from [com.google.android.gms:play-services-places-placereport:17.0.0] AndroidManifest.xml:20:5-44
MERGED from [com.google.android.gms:play-services-places-placereport:17.0.0] AndroidManifest.xml:20:5-44
MERGED from [com.google.android.gms:play-services-basement:18.3.0] AndroidManifest.xml:18:5-43
MERGED from [com.google.android.gms:play-services-basement:18.3.0] AndroidManifest.xml:18:5-43
MERGED from [androidx.viewpager2:viewpager2:1.0.0] AndroidManifest.xml:20:5-22:41
MERGED from [androidx.viewpager2:viewpager2:1.0.0] AndroidManifest.xml:20:5-22:41
MERGED from [androidx.lifecycle:lifecycle-extensions:2.2.0] AndroidManifest.xml:20:5-22:41
MERGED from [androidx.lifecycle:lifecycle-extensions:2.2.0] AndroidManifest.xml:20:5-22:41
MERGED from [androidx.fragment:fragment:1.5.4] AndroidManifest.xml:20:5-22:41
MERGED from [androidx.fragment:fragment:1.5.4] AndroidManifest.xml:20:5-22:41
MERGED from [androidx.privacysandbox.ads:ads-adservices-java:1.0.0-beta05] AndroidManifest.xml:5:5-44
MERGED from [androidx.privacysandbox.ads:ads-adservices-java:1.0.0-beta05] AndroidManifest.xml:5:5-44
MERGED from [androidx.privacysandbox.ads:ads-adservices:1.0.0-beta05] AndroidManifest.xml:20:5-44
MERGED from [androidx.privacysandbox.ads:ads-adservices:1.0.0-beta05] AndroidManifest.xml:20:5-44
MERGED from [androidx.activity:activity:1.8.0] AndroidManifest.xml:20:5-44
MERGED from [androidx.activity:activity:1.8.0] AndroidManifest.xml:20:5-44
MERGED from [androidx.savedstate:savedstate:1.2.1] AndroidManifest.xml:20:5-44
MERGED from [androidx.savedstate:savedstate:1.2.1] AndroidManifest.xml:20:5-44
MERGED from [androidx.emoji2:emoji2-views-helper:1.3.0] AndroidManifest.xml:5:5-44
MERGED from [androidx.emoji2:emoji2-views-helper:1.3.0] AndroidManifest.xml:5:5-44
MERGED from [androidx.emoji2:emoji2:1.3.0] AndroidManifest.xml:21:5-44
MERGED from [androidx.emoji2:emoji2:1.3.0] AndroidManifest.xml:21:5-44
MERGED from [androidx.transition:transition:1.5.0] AndroidManifest.xml:5:5-44
MERGED from [androidx.transition:transition:1.5.0] AndroidManifest.xml:5:5-44
MERGED from [androidx.dynamicanimation:dynamicanimation:1.0.0] AndroidManifest.xml:20:5-44
MERGED from [androidx.dynamicanimation:dynamicanimation:1.0.0] AndroidManifest.xml:20:5-44
MERGED from [androidx.legacy:legacy-support-core-utils:1.0.0] AndroidManifest.xml:20:5-44
MERGED from [androidx.legacy:legacy-support-core-utils:1.0.0] AndroidManifest.xml:20:5-44
MERGED from [androidx.loader:loader:1.0.0] AndroidManifest.xml:20:5-44
MERGED from [androidx.loader:loader:1.0.0] AndroidManifest.xml:20:5-44
MERGED from [androidx.work:work-runtime:2.7.0] AndroidManifest.xml:21:5-23:41
MERGED from [androidx.work:work-runtime:2.7.0] AndroidManifest.xml:21:5-23:41
MERGED from [androidx.lifecycle:lifecycle-livedata-core-ktx:2.7.0] AndroidManifest.xml:5:5-44
MERGED from [androidx.lifecycle:lifecycle-livedata-core-ktx:2.7.0] AndroidManifest.xml:5:5-44
MERGED from [androidx.lifecycle:lifecycle-service:2.7.0] AndroidManifest.xml:5:5-44
MERGED from [androidx.lifecycle:lifecycle-service:2.7.0] AndroidManifest.xml:5:5-44
MERGED from [androidx.lifecycle:lifecycle-livedata:2.7.0] AndroidManifest.xml:20:5-44
MERGED from [androidx.lifecycle:lifecycle-livedata:2.7.0] AndroidManifest.xml:20:5-44
MERGED from [androidx.lifecycle:lifecycle-viewmodel:2.7.0] AndroidManifest.xml:20:5-44
MERGED from [androidx.lifecycle:lifecycle-viewmodel:2.7.0] AndroidManifest.xml:20:5-44
MERGED from [androidx.lifecycle:lifecycle-process:2.7.0] AndroidManifest.xml:21:5-44
MERGED from [androidx.lifecycle:lifecycle-process:2.7.0] AndroidManifest.xml:21:5-44
MERGED from [androidx.lifecycle:lifecycle-livedata-core:2.7.0] AndroidManifest.xml:20:5-44
MERGED from [androidx.lifecycle:lifecycle-livedata-core:2.7.0] AndroidManifest.xml:20:5-44
MERGED from [androidx.lifecycle:lifecycle-runtime:2.7.0] AndroidManifest.xml:5:5-44
MERGED from [androidx.lifecycle:lifecycle-runtime:2.7.0] AndroidManifest.xml:5:5-44
MERGED from [androidx.lifecycle:lifecycle-runtime-ktx:2.7.0] AndroidManifest.xml:20:5-44
MERGED from [androidx.lifecycle:lifecycle-runtime-ktx:2.7.0] AndroidManifest.xml:20:5-44
MERGED from [androidx.lifecycle:lifecycle-viewmodel-savedstate:2.7.0] AndroidManifest.xml:20:5-44
MERGED from [androidx.lifecycle:lifecycle-viewmodel-savedstate:2.7.0] AndroidManifest.xml:20:5-44
MERGED from [androidx.core:core-ktx:1.13.0] AndroidManifest.xml:5:5-44
MERGED from [androidx.core:core-ktx:1.13.0] AndroidManifest.xml:5:5-44
MERGED from [androidx.drawerlayout:drawerlayout:1.1.1] AndroidManifest.xml:20:5-22:41
MERGED from [androidx.drawerlayout:drawerlayout:1.1.1] AndroidManifest.xml:20:5-22:41
MERGED from [androidx.coordinatorlayout:coordinatorlayout:1.1.0] AndroidManifest.xml:20:5-22:41
MERGED from [androidx.coordinatorlayout:coordinatorlayout:1.1.0] AndroidManifest.xml:20:5-22:41
MERGED from [androidx.vectordrawable:vectordrawable-animated:1.1.0] AndroidManifest.xml:20:5-22:41
MERGED from [androidx.vectordrawable:vectordrawable-animated:1.1.0] AndroidManifest.xml:20:5-22:41
MERGED from [androidx.vectordrawable:vectordrawable:1.1.0] AndroidManifest.xml:20:5-22:41
MERGED from [androidx.vectordrawable:vectordrawable:1.1.0] AndroidManifest.xml:20:5-22:41
MERGED from [androidx.browser:browser:1.4.0] AndroidManifest.xml:20:5-22:41
MERGED from [androidx.browser:browser:1.4.0] AndroidManifest.xml:20:5-22:41
MERGED from [androidx.viewpager:viewpager:1.0.0] AndroidManifest.xml:20:5-44
MERGED from [androidx.viewpager:viewpager:1.0.0] AndroidManifest.xml:20:5-44
MERGED from [androidx.recyclerview:recyclerview:1.1.0] AndroidManifest.xml:20:5-22:41